<?xml version="1.0" encoding="UTF-8"?>
<!-- Generated by org.testng.reporters.JUnitReportReporter -->
<testsuite hostname="LAPTOP-RQ5ADVUS" failures="0" tests="1" name="newTestCasesForAlmosafer.myTestCases" time="54.031" errors="0" timestamp="2024-03-04T23:00:04 EET" skipped="0">
  <testcase classname="newTestCasesForAlmosafer.myTestCases" name="printTheFeedBackAndEnterDataInHotelTab" time="54.031"/>
  <system-out/>
</testsuite> <!-- newTestCasesForAlmosafer.myTestCases -->
